#
# A fatal error has been detected by the Java Runtime Environment:
#
#  EXCEPTION_ACCESS_VIOLATION (0xc0000005) at pc=0x00007ffcf0c80a31, pid=32520, tid=25488
#
# JRE version: OpenJDK Runtime Environment Corretto-17.0.3.6.1 (17.0.3+6) (build 17.0.3+6-LTS)
# Java VM: OpenJDK 64-Bit Server VM Corretto-17.0.3.6.1 (17.0.3+6-LTS, mixed mode, sharing, tiered, compressed oops, compressed class ptrs, g1 gc, windows-amd64)
# Problematic frame:
# C  [igxelpicd64.dll+0x270a31]
#
# No core dump will be written. Minidumps are not enabled by default on client versions of Windows
#
# If you would like to submit a bug report, please visit:
#   https://github.com/corretto/corretto-17/issues/
# The crash happened outside the Java Virtual Machine in native code.
# See problematic frame for where to report the bug.
#

---------------  S U M M A R Y ------------

Command Line: -agentlib:jdwp=transport=dt_socket,server=n,suspend=y,address=127.0.0.1:56009 -Dfile.encoding=windows-1252 -Duser.country=CA -Duser.language=en -Duser.variant -Xmx512M console.launcher.DesktopLauncher

Host: Intel(R) Xeon(R) W-11855M CPU @ 3.20GHz, 12 cores, 31G,  Windows 11 , 64 bit Build 22000 (10.0.22000.708)
Time: Sun Aug  7 12:26:01 2022 US Eastern Daylight Time elapsed time: 658.579487 seconds (0d 0h 10m 58s)

---------------  T H R E A D  ---------------

Current thread (0x000001f6a685e070):  JavaThread "JDWP Transport Listener: dt_socket" daemon [_thread_in_native, id=25488, stack(0x0000006374b00000,0x0000006374c00000)]

Stack: [0x0000006374b00000,0x0000006374c00000],  sp=0x0000006374bfe650,  free space=1017k
Native frames: (J=compiled Java code, j=interpreted, Vv=VM code, C=native code)
C  [igxelpicd64.dll+0x270a31]
